app/build/intermediates/manifest_merge_blame_file/debug/manifest-merger-blame-debug-report.txt
1<?xml version="1.0" encoding="utf-8"?>
2<manifest xmlns:android="http://schemas.android.com/apk/res/android"
3    package="ir.barook.todonote"
4    android:versionCode="1"
5    android:versionName="1.0" >
6
7    <uses-sdk
8        android:minSdkVersion="21"
8-->src\main\AndroidManifest.xml
9        android:targetSdkVersion="32" />
9-->src\main\AndroidManifest.xml
10
11    <application
11-->src\main\AndroidManifest.xml:6:5-28:19
12        android:name="ir.barook.todonote.ToDoApplication"
12-->src\main\AndroidManifest.xml:7:9-58
13        android:allowBackup="true"
13-->src\main\AndroidManifest.xml:8:9-35
14        android:appComponentFactory="androidx.core.app.CoreComponentFactory"
14-->[androidx.core:core:1.8.0] AndroidManifest.xml:24:18-86
15        android:dataExtractionRules="@xml/data_extraction_rules"
15-->src\main\AndroidManifest.xml:9:9-65
16        android:debuggable="true"
17        android:fullBackupContent="@xml/backup_rules"
17-->src\main\AndroidManifest.xml:10:9-54
18        android:icon="@mipmap/icon"
18-->src\main\AndroidManifest.xml:11:9-36
19        android:label="@string/app_name"
19-->src\main\AndroidManifest.xml:12:9-41
20        android:roundIcon="@mipmap/icon"
20-->src\main\AndroidManifest.xml:13:9-41
21        android:supportsRtl="true"
21-->src\main\AndroidManifest.xml:14:9-35
22        android:theme="@style/Theme.TodoNote" >
22-->src\main\AndroidManifest.xml:15:9-46
23        <activity
23-->src\main\AndroidManifest.xml:17:9-27:20
24            android:name="ir.barook.todonote.MainActivity"
24-->src\main\AndroidManifest.xml:18:13-59
25            android:exported="true"
25-->src\main\AndroidManifest.xml:19:13-36
26            android:windowSoftInputMode="adjustResize" >
26-->src\main\AndroidManifest.xml:20:13-55
27            <intent-filter>
27-->src\main\AndroidManifest.xml:22:13-26:29
28                <action android:name="android.intent.action.MAIN" />
28-->src\main\AndroidManifest.xml:23:17-69
28-->src\main\AndroidManifest.xml:23:25-66
29
30                <category android:name="android.intent.category.LAUNCHER" />
30-->src\main\AndroidManifest.xml:25:17-77
30-->src\main\AndroidManifest.xml:25:27-74
31            </intent-filter>
32        </activity>
33
34        <uses-library
34-->[androidx.window:window:1.0.0] AndroidManifest.xml:25:9-27:40
35            android:name="androidx.window.extensions"
35-->[androidx.window:window:1.0.0] AndroidManifest.xml:26:13-54
36            android:required="false" />
36-->[androidx.window:window:1.0.0] AndroidManifest.xml:27:13-37
37        <uses-library
37-->[androidx.window:window:1.0.0] AndroidManifest.xml:28:9-30:40
38            android:name="androidx.window.sidecar"
38-->[androidx.window:window:1.0.0] AndroidManifest.xml:29:13-51
39            android:required="false" />
39-->[androidx.window:window:1.0.0] AndroidManifest.xml:30:13-37
40
41        <provider
41-->[androidx.emoji2:emoji2:1.0.0] AndroidManifest.xml:26:9-34:20
42            android:name="androidx.startup.InitializationProvider"
42-->[androidx.emoji2:emoji2:1.0.0] AndroidManifest.xml:27:13-67
43            android:authorities="ir.barook.todonote.androidx-startup"
43-->[androidx.emoji2:emoji2:1.0.0] AndroidManifest.xml:28:13-68
44            android:exported="false" >
44-->[androidx.emoji2:emoji2:1.0.0] AndroidManifest.xml:29:13-37
45            <meta-data
45-->[androidx.emoji2:emoji2:1.0.0] AndroidManifest.xml:31:13-33:52
46                android:name="androidx.emoji2.text.EmojiCompatInitializer"
46-->[androidx.emoji2:emoji2:1.0.0] AndroidManifest.xml:32:17-75
47                android:value="androidx.startup" />
47-->[androidx.emoji2:emoji2:1.0.0] AndroidManifest.xml:33:17-49
48            <meta-data
48-->[androidx.lifecycle:lifecycle-process:2.4.0] AndroidManifest.xml:31:13-33:52
49                android:name="androidx.lifecycle.ProcessLifecycleInitializer"
49-->[androidx.lifecycle:lifecycle-process:2.4.0] AndroidManifest.xml:32:17-78
50                android:value="androidx.startup" />
50-->[androidx.lifecycle:lifecycle-process:2.4.0] AndroidManifest.xml:33:17-49
51        </provider>
52
53        <service
53-->[androidx.room:room-runtime:2.4.2] AndroidManifest.xml:25:9-28:40
54            android:name="androidx.room.MultiInstanceInvalidationService"
54-->[androidx.room:room-runtime:2.4.2] AndroidManifest.xml:26:13-74
55            android:directBootAware="true"
55-->[androidx.room:room-runtime:2.4.2] AndroidManifest.xml:27:13-43
56            android:exported="false" />
56-->[androidx.room:room-runtime:2.4.2] AndroidManifest.xml:28:13-37
57    </application>
58
59</manifest>